[    0.000000] Initializing cgroup subsys cpuset
[    0.000000] Initializing cgroup subsys cpu
[    0.000000] Initializing cgroup subsys cpuacct
[    0.000000] Linux version 4.4.0-210-generic (buildd@lgw01-amd64-009) (gcc version 5.4.0 20160609 (Ubuntu 5.4.0-6ubuntu1~16.04.12) ) #242-Ubuntu SMP Fri Apr 16 09:57:56 UTC 2021 (Ubuntu 4.4.0-210.242-generic 4.4.262)
[    0.000000] Command line: BOOT_IMAGE=/boot/vmlinuz-4.4.0-210-generic root=LABEL=cloudimg-rootfs ro console=tty1 console=ttyS0
[    0.000000] KERNEL supported cpus:
[    0.000000]   Intel GenuineIntel
[    0.000000]   AMD AuthenticAMD
[    0.000000]   Centaur CentaurHauls
[    0.000000] x86/fpu: xstate_offset[2]:  576, xstate_sizes[2]:  256
[    0.000000] x86/fpu: Supporting XSAVE feature 0x01: 'x87 floating point registers'
[    0.000000] x86/fpu: Supporting XSAVE feature 0x02: 'SSE registers'
[    0.000000] x86/fpu: Supporting XSAVE feature 0x04: 'AVX registers'
[    0.000000] x86/fpu: Enabled xstate features 0x7, context size is 832 bytes, using 'standard' format.
[    0.000000] e820: BIOS-provided physical RAM map:
[    0.000000] BIOS-e820: [mem 0x0000000000000000-0x000000000009fbff] usable
[    0.000000] BIOS-e820: [mem 0x000000000009fc00-0x000000000009ffff] reserved
[    0.000000] BIOS-e820: [mem 0x00000000000f0000-0x00000000000fffff] reserved
[    0.000000] BIOS-e820: [mem 0x0000000000100000-0x000000003ffeffff] usable
[    0.000000] BIOS-e820: [mem 0x000000003fff0000-0x000000003fffffff] ACPI data
[    0.000000] BIOS-e820: [mem 0x00000000fec00000-0x00000000fec00fff] reserved
[    0.000000] BIOS-e820: [mem 0x00000000fee00000-0x00000000fee00fff] reserved
[    0.000000] BIOS-e820: [mem 0x00000000fffc0000-0x00000000ffffffff] reserved
[    0.000000] NX (Execute Disable) protection: active
[    0.000000] SMBIOS 2.5 present.
[    0.000000] Hypervisor detected: KVM
[    0.000000] e820: last_pfn = 0x3fff0 max_arch_pfn = 0x400000000
[    0.000000] MTRR: Disabled
[    0.000000] x86/PAT: MTRRs disabled, skipping PAT initialization too.
[    0.000000] CPU MTRRs all blank - virtualized system.
[    0.000000] x86/PAT: Configuration [0-7]: WB  WT  UC- UC  WB  WT  UC- UC  
[    0.000000] found SMP MP-table at [mem 0x0009fff0-0x0009ffff] mapped at [ffff88000009fff0]
[    0.000000] Scanning 1 areas for low memory corruption
[    0.000000] RAMDISK: [mem 0x362dc000-0x37165fff]
[    0.000000] ACPI: Early table checksum verification disabled
[    0.000000] ACPI: RSDP 0x00000000000E0000 000024 (v02 VBOX  )
[    0.000000] ACPI: XSDT 0x000000003FFF0030 00003C (v01 VBOX   VBOXXSDT 00000001 ASL  00000061)
[    0.000000] ACPI: FACP 0x000000003FFF00F0 0000F4 (v04 VBOX   VBOXFACP 00000001 ASL  00000061)
[    0.000000] ACPI: DSDT 0x000000003FFF0610 002353 (v02 VBOX   VBOXBIOS 00000002 INTL 20220331)
[    0.000000] ACPI: FACS 0x000000003FFF0200 000040
[    0.000000] ACPI: FACS 0x000000003FFF0200 000040
[    0.000000] ACPI: APIC 0x000000003FFF0240 00005C (v02 VBOX   VBOXAPIC 00000001 ASL  00000061)
[    0.000000] ACPI: SSDT 0x000000003FFF02A0 00036C (v01 VBOX   VBOXCPUT 00000002 INTL 20220331)
[    0.000000] No NUMA configuration found
[    0.000000] Faking a node at [mem 0x0000000000000000-0x000000003ffeffff]
[    0.000000] NODE_DATA(0) allocated [mem 0x3ffeb000-0x3ffeffff]
[    0.000000] kvm-clock: Using msrs 4b564d01 and 4b564d00
[    0.000000] kvm-clock: cpu 0, msr 0:3ffe3001, primary cpu clock
[    0.000000] kvm-clock: using sched offset of 3076450568 cycles
[    0.000000] clocksource: kvm-clock: mask: 0xffffffffffffffff max_cycles: 0x1cd42e4dffb, max_idle_ns: 881590591483 ns
[    0.000000] Zone ranges:
[    0.000000]   DMA      [mem 0x0000000000001000-0x0000000000ffffff]
[    0.000000]   DMA32    [mem 0x0000000001000000-0x000000003ffeffff]
[    0.000000]   Normal   empty
[    0.000000]   Device   empty
[    0.000000] Movable zone start for each node
[    0.000000] Early memory node ranges
[    0.000000]   node   0: [mem 0x0000000000001000-0x000000000009efff]
[    0.000000]   node   0: [mem 0x0000000000100000-0x000000003ffeffff]
[    0.000000] Initmem setup node 0 [mem 0x0000000000001000-0x000000003ffeffff]
[    0.000000] ACPI: PM-Timer IO Port: 0x4008
[    0.000000] IOAPIC[0]: apic_id 2, version 32, address 0xfec00000, GSI 0-23
[    0.000000] ACPI: INT_SRC_OVR (bus 0 bus_irq 0 global_irq 2 dfl dfl)
[    0.000000] ACPI: INT_SRC_OVR (bus 0 bus_irq 9 global_irq 9 low level)
[    0.000000] Using ACPI (MADT) for SMP configuration information
[    0.000000] smpboot: Allowing 2 CPUs, 0 hotplug CPUs
[    0.000000] PM: Registered nosave memory: [mem 0x00000000-0x00000fff]
[    0.000000] PM: Registered nosave memory: [mem 0x0009f000-0x0009ffff]
[    0.000000] PM: Registered nosave memory: [mem 0x000a0000-0x000effff]
[    0.000000] PM: Registered nosave memory: [mem 0x000f0000-0x000fffff]
[    0.000000] e820: [mem 0x40000000-0xfebfffff] available for PCI devices
[    0.000000] Booting paravirtualized kernel on KVM
[    0.000000] clocksource: refined-jiffies: mask: 0xffffffff max_cycles: 0xffffffff, max_idle_ns: 7645519600211568 ns
[    0.000000] setup_percpu: NR_CPUS:512 nr_cpumask_bits:512 nr_cpu_ids:2 nr_node_ids:1
[    0.000000] PERCPU: Embedded 33 pages/cpu @ffff88003fc00000 s95192 r8192 d31784 u1048576
[    0.000000] Built 1 zonelists in Node order, mobility grouping on.  Total pages: 257912
[    0.000000] Policy zone: DMA32
[    0.000000] Kernel command line: BOOT_IMAGE=/boot/vmlinuz-4.4.0-210-generic root=LABEL=cloudimg-rootfs ro console=tty1 console=ttyS0
[    0.000000] PID hash table entries: 4096 (order: 3, 32768 bytes)
[    0.000000] Memory: 997792K/1048120K available (8644K kernel code, 1332K rwdata, 4044K rodata, 1492K init, 1164K bss, 50328K reserved, 0K cma-reserved)
[    0.000000] SLUB: HWalign=64, Order=0-3, MinObjects=0, CPUs=2, Nodes=1
[    0.000000] Kernel/User page tables isolation: enabled
[    0.000000] Hierarchical RCU implementation.
[    0.000000] 	Build-time adjustment of leaf fanout to 64.
[    0.000000] 	RCU restricting CPUs from NR_CPUS=512 to nr_cpu_ids=2.
[    0.000000] RCU: Adjusting geometry for rcu_fanout_leaf=64, nr_cpu_ids=2
[    0.000000] NR_IRQS:33024 nr_irqs:440 16
[    0.000000] Console: colour VGA+ 80x25
[    0.000000] console [tty1] enabled
[    0.000000] console [ttyS0] enabled
[    0.000000] tsc: Detected 2303.902 MHz processor
[    0.176925] Calibrating delay loop (skipped) preset value.. 4607.80 BogoMIPS (lpj=9215608)
[    0.179099] pid_max: default: 32768 minimum: 301
[    0.180286] ACPI: Core revision 20150930
[    0.182941] ACPI: 2 ACPI AML tables successfully acquired and loaded
[    0.184585] Security Framework initialized
[    0.185656] Yama: becoming mindful.
[    0.186661] AppArmor: AppArmor initialized
[    0.187843] Dentry cache hash table entries: 131072 (order: 8, 1048576 bytes)
[    0.189957] Inode-cache hash table entries: 65536 (order: 7, 524288 bytes)
[    0.191726] Mount-cache hash table entries: 2048 (order: 2, 16384 bytes)
[    0.193347] Mountpoint-cache hash table entries: 2048 (order: 2, 16384 bytes)
[    0.195154] Initializing cgroup subsys io
[    0.196230] Initializing cgroup subsys memory
[    0.197465] Initializing cgroup subsys devices
[    0.198609] Initializing cgroup subsys freezer
[    0.199763] Initializing cgroup subsys net_cls
[    0.200913] Initializing cgroup subsys perf_event
[    0.202109] Initializing cgroup subsys net_prio
[    0.203410] Initializing cgroup subsys hugetlb
[    0.204856] Initializing cgroup subsys pids
[    0.227219] mce: CPU supports 0 MCE banks
[    0.228472] Last level iTLB entries: 4KB 64, 2MB 8, 4MB 8
[    0.229850] Last level dTLB entries: 4KB 64, 2MB 0, 4MB 0, 1GB 4
[    0.231328] Spectre V1 : Mitigation: usercopy/swapgs barriers and __user pointer sanitization
[    0.233482] Spectre V2 : Mitigation: Full generic retpoline
[    0.234813] Spectre V2 : Spectre v2 / SpectreRSB mitigation: Filling RSB on context switch
[    0.237086] Speculative Store Bypass: Vulnerable
[    0.238261] SRBDS: Unknown: Dependent on hypervisor status
[    0.239711] MDS: Mitigation: Clear CPU buffers
[    0.244663] Freeing SMP alternatives memory: 36K
[    0.254003] ftrace: allocating 32380 entries in 127 pages
[    0.341058] smpboot: APIC(0) Converting physical 0 to logical package 0
[    0.342669] smpboot: Max logical packages: 1
[    0.344218] x2apic enabled
[    0.345406] Switched APIC routing to physical x2apic.
[    0.348289] ..TIMER: vector=0x30 apic1=0 pin1=2 apic2=-1 pin2=-1
[    0.457842] smpboot: CPU0: Intel(R) Core(TM) i7-10510U CPU @ 1.80GHz (family: 0x6, model: 0x8e, stepping: 0xc)
[    0.460703] Performance Events: unsupported p6 CPU model 142 no PMU driver, software events only.
[    0.475379] KVM setup paravirtual spinlock
[    0.477659] x86: Booting SMP configuration:
[    0.478775] .... node  #0, CPUs:      #1
[    0.480017] kvm-clock: cpu 1, msr 0:3ffe3041, secondary cpu clock
[    0.502530] mce: CPU supports 0 MCE banks
[    0.505379] x86: Booted up 1 node, 2 CPUs
[    0.506745] smpboot: Total of 2 processors activated (9215.60 BogoMIPS)
[    0.508843] devtmpfs: initialized
[    0.512806] evm: security.selinux
[    0.513846] evm: security.SMACK64
[    0.514784] evm: security.SMACK64EXEC
[    0.515775] evm: security.SMACK64TRANSMUTE
[    0.516840] evm: security.SMACK64MMAP
[    0.517848] evm: security.ima
[    0.518723] evm: security.capability
[    0.519884] clocksource: jiffies: mask: 0xffffffff max_cycles: 0xffffffff, max_idle_ns: 7645041785100000 ns
[    0.522290] futex hash table entries: 512 (order: 3, 32768 bytes)
[    0.523852] pinctrl core: initialized pinctrl subsystem
[    0.525284] RTC time:  7:27:44, date: 11/15/22
[    0.526843] NET: Registered protocol family 16
[    0.537215] cpuidle: using governor ladder
[    0.553652] cpuidle: using governor menu
[    0.554817] PCCT header not found.
[    0.555976] ACPI: bus type PCI registered
[    0.557131] acpiphp: ACPI Hot Plug PCI Controller Driver version: 0.5
[    0.558797] PCI: Using configuration type 1 for base access
[    0.570306] ACPI: Added _OSI(Module Device)
[    0.571593] ACPI: Added _OSI(Processor Device)
[    0.573017] ACPI: Added _OSI(3.0 _SCP Extensions)
[    0.574314] ACPI: Added _OSI(Processor Aggregator Device)
[    0.576590] ACPI: Executed 1 blocks of module-level executable AML code
[    0.581162] ACPI: Interpreter enabled
[    0.582208] ACPI: (supports S0 S5)
[    0.583168] ACPI: Using IOAPIC for interrupt routing
[    0.584602] PCI: Using host bridge windows from ACPI; if necessary, use "pci=nocrs" and report a bug
[    0.592078] ACPI: PCI Root Bridge [PCI0] (domain 0000 [bus 00-ff])
[    0.593593] acpi PNP0A03:00: _OSC: OS supports [ASPM ClockPM Segments MSI]
[    0.595584] acpi PNP0A03:00: _OSC: not requesting OS control; OS requires [ExtendedConfig ASPM ClockPM MSI]
[    0.597979] acpi PNP0A03:00: fail to add MMCONFIG information, can't access extended PCI configuration space under this bridge.
[    0.602384] PCI host bridge to bus 0000:00
[    0.603918] pci_bus 0000:00: root bus resource [io  0x0000-0x0cf7 window]
[    0.606097] pci_bus 0000:00: root bus resource [io  0x0d00-0xffff window]
[    0.608118] pci_bus 0000:00: root bus resource [mem 0x000a0000-0x000bffff window]
[    0.610451] pci_bus 0000:00: root bus resource [mem 0x40000000-0xfdffffff window]
[    0.612797] pci_bus 0000:00: root bus resource [bus 00-ff]
[    0.616637] pci 0000:00:01.1: legacy IDE quirk: reg 0x10: [io  0x01f0-0x01f7]
[    0.618521] pci 0000:00:01.1: legacy IDE quirk: reg 0x14: [io  0x03f6]
[    0.620279] pci 0000:00:01.1: legacy IDE quirk: reg 0x18: [io  0x0170-0x0177]
[    0.638276] pci 0000:00:01.1: legacy IDE quirk: reg 0x1c: [io  0x0376]
[    0.654793] pci 0000:00:07.0: quirk: [io  0x4000-0x403f] claimed by PIIX4 ACPI
[    0.657155] pci 0000:00:07.0: quirk: [io  0x4100-0x410f] claimed by PIIX4 SMB
[    0.669082] ACPI: PCI Interrupt Link [LNKA] (IRQs 5 9 10 *11)
[    0.671249] ACPI: PCI Interrupt Link [LNKB] (IRQs 5 9 *10 11)
[    0.673228] ACPI: PCI Interrupt Link [LNKC] (IRQs 5 *9 10 11)
[    0.675167] ACPI: PCI Interrupt Link [LNKD] (IRQs 5 9 10 *11)
[    0.677195] ACPI: Enabled 2 GPEs in block 00 to 07
[    0.678814] vgaarb: setting as boot device: PCI:0000:00:02.0
[    0.680187] vgaarb: device added: PCI:0000:00:02.0,decodes=io+mem,owns=io+mem,locks=none
[    0.682290] vgaarb: loaded
[    0.683137] vgaarb: bridge control possible 0000:00:02.0
[    0.684713] SCSI subsystem initialized
[    0.685890] ACPI: bus type USB registered
[    0.686974] usbcore: registered new interface driver usbfs
[    0.688305] usbcore: registered new interface driver hub
[    0.689652] usbcore: registered new device driver usb
[    0.691424] PCI: Using ACPI for IRQ routing
[    0.692890] NetLabel: Initializing
[    0.693843] NetLabel:  domain hash size = 128
[    0.694958] NetLabel:  protocols = UNLABELED CIPSOv4
[    0.696200] NetLabel:  unlabeled traffic allowed by default
[    0.697760] amd_nb: Cannot enumerate AMD northbridges
[    0.699093] clocksource: Switched to clocksource kvm-clock
[    0.707942] AppArmor: AppArmor Filesystem Enabled
[    0.709210] pnp: PnP ACPI init
[    0.711125] pnp: PnP ACPI: found 3 devices
[    0.722829] clocksource: acpi_pm: mask: 0xffffff max_cycles: 0xffffff, max_idle_ns: 2085701024 ns
[    0.725121] NET: Registered protocol family 2
[    0.726490] TCP established hash table entries: 8192 (order: 4, 65536 bytes)
[    0.728194] TCP bind hash table entries: 8192 (order: 5, 131072 bytes)
[    0.729748] TCP: Hash tables configured (established 8192 bind 8192)
[    0.731294] UDP hash table entries: 512 (order: 2, 16384 bytes)
[    0.732709] UDP-Lite hash table entries: 512 (order: 2, 16384 bytes)
[    0.734248] NET: Registered protocol family 1
[    0.735395] pci 0000:00:00.0: Limiting direct PCI/PCI transfers
[    0.736826] pci 0000:00:01.0: Activating ISA DMA hang workarounds
[    0.738412] Unpacking initramfs...
[    1.072941] Freeing initrd memory: 14888K
[    1.074259] clocksource: tsc: mask: 0xffffffffffffffff max_cycles: 0x21359b28e5c, max_idle_ns: 440795285457 ns
[    1.076784] platform rtc_cmos: registered platform RTC device (no PNP device found)
[    1.078817] Scanning for low memory corruption every 60 seconds
[    1.080752] audit: initializing netlink subsys (disabled)
[    1.082090] audit: type=2000 audit(1668497269.250:1): initialized
[    1.083997] Initialise system trusted keyring
[    1.085508] HugeTLB registered 2 MB page size, pre-allocated 0 pages
[    1.088905] zbud: loaded
[    1.090330] VFS: Disk quotas dquot_6.6.0
[    1.091456] VFS: Dquot-cache hash table entries: 512 (order 0, 4096 bytes)
[    1.093440] squashfs: version 4.0 (2009/01/31) Phillip Lougher
[    1.095234] fuse init (API version 7.23)
[    1.096458] Key type big_key registered
[    1.097535] Allocating IMA MOK and blacklist keyrings.
[    1.099646] Key type asymmetric registered
[    1.100738] Asymmetric key parser 'x509' registered
[    1.102006] Block layer SCSI generic (bsg) driver version 0.4 loaded (major 249)
[    1.104126] io scheduler noop registered
[    1.105192] io scheduler deadline registered (default)
[    1.106526] io scheduler cfq registered
[    1.107732] pci_hotplug: PCI Hot Plug PCI Core version: 0.5
[    1.109081] pciehp: PCI Express Hot Plug Controller Driver version: 0.4
[    1.110771] ACPI: AC Adapter [AC] (on-line)
[    1.111994] input: Power Button as /devices/LNXSYSTM:00/LNXPWRBN:00/input/input0
[    1.113957] ACPI: Power Button [PWRF]
[    1.115037] input: Sleep Button as /devices/LNXSYSTM:00/LNXSLPBN:00/input/input1
[    1.117032] ACPI: Sleep Button [SLPF]
[    1.118285] GHES: HEST is not enabled!
[    1.120183] ACPI: Battery Slot [BAT0] (battery present)
[    1.121493] Serial: 8250/16550 driver, 32 ports, IRQ sharing enabled
[    1.143752] 00:02: ttyS0 at I/O 0x3f8 (irq = 4, base_baud = 115200) is a 16550A
[    1.147316] Linux agpgart interface v0.103
[    1.150515] loop: module loaded
[    1.152343] scsi host0: ata_piix
[    1.153471] scsi host1: ata_piix
[    1.154441] ata1: PATA max UDMA/33 cmd 0x1f0 ctl 0x3f6 bmdma 0xd000 irq 14
[    1.156032] ata2: PATA max UDMA/33 cmd 0x170 ctl 0x376 bmdma 0xd008 irq 15
[    1.157716] libphy: Fixed MDIO Bus: probed
[    1.158832] tun: Universal TUN/TAP device driver, 1.6
[    1.160107] tun: (C) 1999-2004 Max Krasnyansky <maxk@qualcomm.com>
[    1.161592] PPP generic driver version 2.4.2
[    1.162764] ehci_hcd: USB 2.0 'Enhanced' Host Controller (EHCI) Driver
[    1.164266] ehci-pci: EHCI PCI platform driver
[    1.165411] ehci-platform: EHCI generic platform driver
[    1.166697] ohci_hcd: USB 1.1 'Open' Host Controller (OHCI) Driver
[    1.168130] ohci-pci: OHCI PCI platform driver
[    1.169282] ohci-platform: OHCI generic platform driver
[    1.170561] uhci_hcd: USB Universal Host Controller Interface driver
[    1.172092] i8042: PNP: PS/2 Controller [PNP0303:PS2K,PNP0f03:PS2M] at 0x60,0x64 irq 1,12
[    1.174757] serio: i8042 KBD port at 0x60,0x64 irq 1
[    1.175990] serio: i8042 AUX port at 0x60,0x64 irq 12
[    1.177368] mousedev: PS/2 mouse device common for all mice
[    1.179033] input: AT Translated Set 2 keyboard as /devices/platform/i8042/serio0/input/input2
[    1.181657] rtc_cmos rtc_cmos: rtc core: registered rtc_cmos as rtc0
[    1.183232] rtc_cmos rtc_cmos: alarms up to one day, 114 bytes nvram
[    1.184720] i2c /dev entries driver
[    1.185742] device-mapper: uevent: version 1.0.3
[    1.187011] device-mapper: ioctl: 4.34.0-ioctl (2015-10-28) initialised: dm-devel@redhat.com
[    1.189146] ledtrig-cpu: registered to indicate activity on CPUs
[    1.191068] NET: Registered protocol family 10
[    1.192481] NET: Registered protocol family 17
[    1.193648] Key type dns_resolver registered
[    1.195026] registered taskstats version 1
[    1.196151] Loading compiled-in X.509 certificates
[    1.198171] Loaded X.509 cert 'Build time autogenerated kernel key: cf00e047681d67edb2720680708b7d9498083038'
[    1.200811] zswap: loaded using pool lzo/zbud
[    1.204942] Key type trusted registered
[    1.210153] Key type encrypted registered
[    1.211280] AppArmor: AppArmor sha1 policy hashing enabled
[    1.212605] ima: No TPM chip found, activating TPM-bypass!
[    1.213943] ima: Allocated hash algorithm: sha1
[    1.215109] evm: HMAC attrs: 0x1
[    1.216490]   Magic number: 14:823:470
[    1.217612] rtc_cmos rtc_cmos: setting system clock to 2022-11-15 07:27:45 UTC (1668497265)
[    1.219927] BIOS EDD facility v0.16 2004-Jun-25, 0 devices found
[    1.221342] EDD information not available.
[    1.339708] Freeing unused kernel memory: 1492K
[    1.341516] Write protecting the kernel read-only data: 14336k
[    1.343791] Freeing unused kernel memory: 1584K
[    1.345358] Freeing unused kernel memory: 52K
Loading, please wait...
starting version 229
[    1.363471] random: systemd-udevd: uninitialized urandom read (16 bytes read, 3 bits of entropy available)
[    1.364331] random: udevadm: uninitialized urandom read (16 bytes read, 3 bits of entropy available)
[    1.364380] random: udevadm: uninitialized urandom read (16 bytes read, 3 bits of entropy available)
[    1.374165] random: systemd-udevd: uninitialized urandom read (16 bytes read, 3 bits of entropy available)
[    1.377712] random: systemd-udevd: uninitialized urandom read (16 bytes read, 3 bits of entropy available)
[    1.379030] random: udevadm: uninitialized urandom read (16 bytes read, 3 bits of entropy available)
[    1.379157] random: udevadm: uninitialized urandom read (16 bytes read, 3 bits of entropy available)
[    1.379442] random: udevadm: uninitialized urandom read (16 bytes read, 3 bits of entropy available)
[    1.379554] random: udevadm: uninitialized urandom read (16 bytes read, 3 bits of entropy available)
[    1.379664] random: udevadm: uninitialized urandom read (16 bytes read, 3 bits of entropy available)
[    1.467407] e1000: Intel(R) PRO/1000 Network Driver - version 7.3.21-k8-NAPI
[    1.469321] e1000: Copyright (c) 1999-2006 Intel Corporation.
[    1.474233] Fusion MPT base driver 3.04.20
[    1.475389] Copyright (c) 1999-2008 LSI Corporation
[    1.486946] Fusion MPT SPI Host driver 3.04.20
[    1.499685] AVX2 version of gcm_enc/dec engaged.
[    1.501087] AES CTR mode by8 optimization enabled
[    1.681318] input: ImExPS/2 Generic Explorer Mouse as /devices/platform/i8042/serio1/input/input4
[    1.863623] e1000 0000:00:03.0 eth0: (PCI:33MHz:32-bit) 02:be:82:6b:cc:1d
[    1.865306] e1000 0000:00:03.0 eth0: Intel(R) PRO/1000 Network Connection
[    1.868016] mptbase: ioc0: Initiating bringup
[    1.940036] ioc0: LSI53C1030 A0: Capabilities={Initiator}
[    2.110498] scsi host2: ioc0: LSI53C1030 A0, FwRev=00000000h, Ports=1, MaxQ=256, IRQ=20
[    2.227963] scsi 2:0:0:0: Direct-Access     VBOX     HARDDISK         1.0  PQ: 0 ANSI: 5
[    2.230914] scsi target2:0:0: Beginning Domain Validation
[    2.232998] scsi target2:0:0: Domain Validation skipping write tests
[    2.234344] scsi target2:0:0: Ending Domain Validation
[    2.235538] scsi target2:0:0: asynchronous
[    2.237360] scsi 2:0:1:0: Direct-Access     VBOX     HARDDISK         1.0  PQ: 0 ANSI: 5
[    2.239246] scsi target2:0:1: Beginning Domain Validation
[    2.241544] scsi target2:0:1: Domain Validation skipping write tests
[    2.242889] scsi target2:0:1: Ending Domain Validation
[    2.244108] scsi target2:0:1: asynchronous
[    2.272430] sd 2:0:0:0: Attached scsi generic sg0 type 0
[    2.273833] sd 2:0:0:0: [sda] 83886080 512-byte logical blocks: (42.9 GB/40.0 GiB)
[    2.276660] sd 2:0:1:0: Attached scsi generic sg1 type 0
[    2.278471] sd 2:0:1:0: [sdb] 20480 512-byte logical blocks: (10.5 MB/10.0 MiB)
[    2.280469] sd 2:0:0:0: [sda] Write Protect is off
[    2.281938] sd 2:0:0:0: [sda] Incomplete mode parameter data
[    2.283294] sd 2:0:0:0: [sda] Assuming drive cache: write through
[    2.284865] sd 2:0:1:0: [sdb] Write Protect is off
[    2.286559] sd 2:0:1:0: [sdb] Incomplete mode parameter data
[    2.287903] sd 2:0:1:0: [sdb] Assuming drive cache: write through
[    2.297271]  sda: sda1
[    2.299816] sd 2:0:0:0: [sda] Attached SCSI disk
[    2.301438] sd 2:0:1:0: [sdb] Attached SCSI disk
[    2.592221] e1000 0000:00:08.0 eth1: (PCI:33MHz:32-bit) 08:00:27:c4:2d:e1
[    2.593774] e1000 0000:00:08.0 eth1: Intel(R) PRO/1000 Network Connection
[    2.596673] e1000 0000:00:03.0 enp0s3: renamed from eth0
[    2.607527] e1000 0000:00:08.0 enp0s8: renamed from eth1
Begin: Loading essential drivers ... [    3.954833] md: linear personality registered for level -1
[    3.958963] md: multipath personality registered for level -4
[    3.963021] md: raid0 personality registered for level 0
[    3.967794] md: raid1 personality registered for level 1
[    4.051073] raid6: sse2x1   gen()  7835 MB/s
[    4.125377] raid6: sse2x1   xor()  5611 MB/s
[    4.195344] raid6: sse2x2   gen() 11121 MB/s
[    4.274723] raid6: sse2x2   xor()  8029 MB/s
[    4.346841] raid6: sse2x4   gen() 11714 MB/s
[    4.418852] raid6: sse2x4   xor()  7038 MB/s
[    4.490850] raid6: avx2x1   gen() 14876 MB/s
[    4.565377] raid6: avx2x2   gen() 19811 MB/s
[    4.638870] raid6: avx2x4   gen() 21403 MB/s
[    4.640002] raid6: using algorithm avx2x4 gen() 21403 MB/s
[    4.641279] raid6: using avx2x2 recovery algorithm
[    4.643689] xor: automatically using best checksumming function:
[    4.683125]    avx       : 14508.000 MB/sec
[    4.685726] async_tx: api initialized (async)
[    4.698398] md: raid6 personality registered for level 6
[    4.699708] md: raid5 personality registered for level 5
[    4.700892] md: raid4 personality registered for level 4
[    4.709495] md: raid10 personality registered for level 10
done.
Begin: Running /scripts/init-premount ... done.
Begin: Mounting root file system ... Begin: Running /scripts/local-top ... done.
Begin: Running /scripts/local-premount ... [    4.746346] Btrfs loaded
Scanning for Btrfs filesystems
done.
Warning: fsck not present, so skipping root file system
[    4.787623] EXT4-fs (sda1): mounted filesystem with ordered data mode. Opts: (null)
done.
Begin: Running /scripts/local-bottom ... done.
Begin: Running /scripts/init-bottom ... done.
[    4.881750] systemd[1]: systemd 229 running in system mode. (+PAM +AUDIT +SELINUX +IMA +APPARMOR +SMACK +SYSVINIT +UTMP +LIBCRYPTSETUP +GCRYPT +GNUTLS +ACL +XZ -LZ4 +SECCOMP +BLKID +ELFUTILS +KMOD -IDN)
[    4.885631] systemd[1]: Detected virtualization oracle.
[    4.886798] systemd[1]: Detected architecture x86-64.

Welcome to [1mUbuntu 16.04.7 LTS[0m!

[    4.890134] systemd[1]: Set hostname to <ubuntu>.
[    4.892698] systemd[1]: Initializing machine ID from random generator.
[    4.894187] systemd[1]: Installed transient /etc/machine-id file.
[    5.028314] systemd[1]: Listening on /dev/initctl Compatibility Named Pipe.
[[0;32m  OK  [0m] Listening on /dev/initctl Compatibility Named Pipe.
[    5.031398] systemd[1]: Reached target System Time Synchronized.
[[0;32m  OK  [0m] Reached target System Time Synchronized.
[    5.034029] systemd[1]: Listening on udev Kernel Socket.
[[0;32m  OK  [0m] Listening on udev Kernel Socket.
[    5.036874] systemd[1]: Listening on Journal Socket.
[[0;32m  OK  [0m] Listening on Journal Socket.
[    5.039785] systemd[1]: Listening on Journal Audit Socket.
[[0;32m  OK  [0m] Listening on Journal Audit Socket.
[    5.042647] systemd[1]: Reached target User and Group Name Lookups.
[[0;32m  OK  [0m] Reached target User and Group Name Lookups.
[    5.045821] systemd[1]: Listening on fsck to fsckd communication Socket.
[[0;32m  OK  [0m] Listening on fsck to fsckd communication Socket.
[    5.048795] systemd[1]: Listening on Journal Socket (/dev/log).
[[0;32m  OK  [0m] Listening on Journal Socket (/dev/log).
[    5.051678] systemd[1]: Listening on Device-mapper event daemon FIFOs.
[[0;32m  OK  [0m] Listening on Device-mapper event daemon FIFOs.
[    5.054707] systemd[1]: Started Forward Password Requests to Wall Directory Watch.
[[0;32m  OK  [0m] Started Forward Password Requests to Wall Directory Watch.
[    5.058419] systemd[1]: Listening on Syslog Socket.
[[0;32m  OK  [0m] Listening on Syslog Socket.
[    5.060956] systemd[1]: Reached target Swap.
[[0;32m  OK  [0m] Reached target Swap.
[    5.063324] systemd[1]: Listening on LVM2 poll daemon socket.
[[0;32m  OK  [0m] Listening on LVM2 poll daemon socket.
[    5.066153] systemd[1]: Reached target Encrypted Volumes.
[[0;32m  OK  [0m] Reached target Encrypted Volumes.
[    5.069320] systemd[1]: Created slice System Slice.
[[0;32m  OK  [0m] Created slice System Slice.
[    5.087219] systemd[1]: Starting Nameserver information manager...
         Starting Nameserver information manager...
[    5.090601] systemd[1]: Mounting POSIX Message Queue File System...
         Mounting POSIX Message Queue File System...
[    5.094718] systemd[1]: Starting Journal Service...
         Starting Journal Service...
[    5.098411] systemd[1]: Created slice system-serial\x2dgetty.slice.
[[0;32m  OK  [0m] Created slice system-serial\x2dgetty.slice.
[    5.103327] systemd[1]: Starting File System Check on Root Device...
         Starting File System Check on Root Device...
[    5.108718] systemd[1]: Starting Create list of required static device nodes for the current kernel...
         Starting Create list of required st... nodes for the current kernel...
[    5.115002] systemd[1]: Starting Load Kernel Modules...
         Starting Load Kernel Modules...
[    5.118391] systemd[1]: Mounting Huge Pages File System...
         Mounting Huge Pages File System...
[    5.123457] systemd[1]: Mounting Debug File System...
         Mounting Debug File System...
[    5.127253] systemd[1]: Starting Set console keymap...
         Starting Set console keymap...
[    5.131596] systemd[1]: Created slice User and Session Slice.
[    5.132298] Loading iSCSI transport class v2.0-870.
[[0;32m  OK  [0m] Created slice User and Session Slice.
[    5.136912] systemd[1]: Reached target Slices.
[[0;32m  OK  [0m] Reached target Slices.
[    5.140291] systemd[1]: Starting Uncomplicated firewall...
         Starting Uncomplicated firewall...
[    5.143634] systemd[1]: Started Trigger resolvconf update for networkd DNS.
[[0;32m  OK  [0m] Started Trigger resolvconf update for networkd DNS.
[    5.147781] systemd[1]: Set up automount Arbitrary Executable File Formats File System Automount Point.
[[0;32m  OK  [0m] Set up automount Arbitrary Executab...ats File System Automount Point.
[    5.155703] systemd[1]: Listening on LVM2 metadata daemon socket.
[[0;32m  OK  [0m] Listening on LVM2 metadata daemon socket.
[    5.160018] systemd[1]: Starting Monitoring of LVM2 mirrors, snapshots etc. using dmeventd or progress polling...
[    5.162782] iscsi: registered transport (tcp)
         Starting Monitoring of LVM2 mirrors... dmeventd or progress polling...
[    5.166025] systemd[1]: Listening on udev Control Socket.
[[0;32m  OK  [0m] Listening on udev Control Socket.
[    5.171158] systemd[1]: Mounted Huge Pages File System.
[[0;32m  OK  [0m] Mounted Huge Pages File System.
[    5.173850] systemd[1]: Mounted POSIX Message Queue File System.
[[0;32m  OK  [0m] Mounted POSIX Message Queue File System.
[    5.176854] systemd[1]: Mounted Debug File System.
[[0;32m  OK  [0m] Mounted Debug File System.
[    5.179535] systemd[1]: Started Journal Service.
[[0;32m  OK  [0m] Started Journal Service.
[[0;32m  OK  [0m] Started File System Check on Root Device.
[[0;32m  OK  [0m] Started Create list of required sta...ce nodes for the current kernel.
[[0;32m  OK  [0m] Started Uncomplicated firewall.
[[0;32m  OK  [0m] Started Nameserver information manager.
[[0;32m  OK  [0m] Started LVM2 metadata daemon.
[[0;32m  OK  [0m] Started File System Check Daemon to report status.
         Starting Create Static Device Nodes in /dev...
         Starting Remount Root and Kernel File Systems...
[[0;32m  OK  [0m] Started Set console keymap.
[    5.224912] EXT4-fs (sda1): re-mounted. Opts: (null)
[[0;32m  OK  [0m] Started Remount Root and Kernel File Systems.
         Starting Load/Save Random Seed...
         Starting udev Coldplug all Devices...
         Starting Flush Journal to Persistent Storage...
[[0;32m  OK  [0m] Started Create Static Device Nodes in /dev.
         Starting udev Kernel Device Manager...
[[0;32m  OK  [0m] Started Load/Save Random Seed.
[    5.259161] systemd-journald[373]: Received request to flush runtime journal from PID 1
[[0;32m  OK  [0m] Started Flush Journal to Persistent Storage.
[    5.271647] iscsi: registered transport (iser)
[[0;32m  OK  [0m] Started Load Kernel Modules.
         Mounting FUSE Control File System...
[    5.290286] random: nonblocking pool is initialized
         Starting Apply Kernel Variables...
[[0;32m  OK  [0m] Mounted FUSE Control File System.
[[0;32m  OK  [0m] Started udev Kernel Device Manager.
[[0;32m  OK  [0m] Started Apply Kernel Variables.
[[0;32m  OK  [0m] Started udev Coldplug all Devices.
[[0;32m  OK  [0m] Started Dispatch Password Requests to Console Directory Watch.
[[0;32m  OK  [0m] Started Monitoring of LVM2 mirrors,...ng dmeventd or progress polling.
[[0;32m  OK  [0m] Reached target Local File Systems (Pre).
[[0;32m  OK  [0m] Reached target Local File Systems.
         Starting Commit a transient machine-id on disk...
         Starting Tell Plymouth To Write Out Runtime Data...
         Starting Initial cloud-init job (pre-networking)...
         Starting LSB: AppArmor initialization...
         Starting Create Volatile Files and Directories...
         Starting Set console font and keymap...
[[0;32m  OK  [0m] Started Tell Plymouth To Write Out Runtime Data.
[[0;32m  OK  [0m] Started Create Volatile Files and Directories.
         Starting Update UTMP about System Boot/Shutdown...
[[0;32m  OK  [0m] Started Commit a transient machine-id on disk.
[[0;32m  OK  [0m] Started Update UTMP about System Boot/Shutdown.
[[0;32m  OK  [0m] Found device /dev/ttyS0.
[[0;32m  OK  [0m] Listening on Load/Save RF Kill Switch Status /dev/rfkill Watch.
[[0;32m  OK  [0m] Started LSB: AppArmor initialization.
         Starting Load AppArmor profiles managed internally by snapd...[    8.116063] cloud-init[489]: Cloud-init v. 21.1-19-gbad84ad4-0ubuntu1~16.04.2 running 'init-local' at Tue, 15 Nov 2022 07:27:51 +0000. Up 6.88 seconds.

[[0;32m  OK  [0m] Started Load AppArmor profiles managed internally by snapd.
[[0;32m  OK  [0m] Started Set console font and keymap.
[[0;32m  OK  [0m] Started Initial cloud-init job (pre-networking).
[[0;32m  OK  [0m] Reached target Network (Pre).
         Starting Raise network interfaces...
[[0;32m  OK  [0m] Created slice system-getty.slice.
[[0;32m  OK  [0m] Started Raise network interfaces.
[[0;32m  OK  [0m] Reached target Network.
         Starting Initial cloud-init job (metadata service crawler)...
[   10.676843] cloud-init[961]: Cloud-init v. 21.1-19-gbad84ad4-0ubuntu1~16.04.2 running 'init' at Tue, 15 Nov 2022 07:27:54 +0000. Up 9.73 seconds.
[   10.679805] cloud-init[961]: ci-info: ++++++++++++++++++++++++++++++++++++++Net device info+++++++++++++++++++++++++++++++++++++++
[   10.682880] cloud-init[961]: ci-info: +--------+-------+----------------------------+---------------+--------+-------------------+
[   10.685860] cloud-init[961]: ci-info: | Device |   Up  |          Address           |      Mask     | Scope  |     Hw-Address    |
[   10.688644] cloud-init[961]: ci-info: +--------+-------+----------------------------+---------------+--------+-------------------+
[   10.691530] cloud-init[961]: ci-info: | enp0s3 |  True |         10.0.2.15          | 255.255.255.0 | global | 02:be:82:6b:cc:1d |
[   10.694400] cloud-init[961]: ci-info: | enp0s3 |  True | fe80::be:82ff:fe6b:cc1d/64 |       .       |  link  | 02:be:82:6b:cc:1d |
[   10.697108] cloud-init[961]: ci-info: | enp0s8 | False |             .              |       .       |   .    | 08:00:27:c4:2d:e1 |
[   10.700590] cloud-init[961]: ci-info: |   lo   |  True |         127.0.0.1          |   255.0.0.0   |  host  |         .         |
[   10.703380] cloud-init[961]: ci-info: |   lo   |  True |          ::1/128           |       .       |  host  |         .         |
[   10.706181] cloud-init[961]: ci-info: +--------+-------+----------------------------+---------------+--------+-------------------+
[   10.708989] cloud-init[961]: ci-info: +++++++++++++++++++++++++++Route IPv4 info++++++++++++++++++++++++++++
[   10.711420] cloud-init[961]: ci-info: +-------+-------------+----------+---------------+-----------+-------+
[   10.716510] cloud-init[961]: ci-info: | Route | Destination | Gateway  |    Genmask    | Interface | Flags |
[   10.719024] cloud-init[961]: ci-info: +-------+-------------+----------+---------------+-----------+-------+
[   10.721492] cloud-init[961]: ci-info: |   0   |   0.0.0.0   | 10.0.2.2 |    0.0.0.0    |   enp0s3  |   UG  |
[   10.723930] cloud-init[961]: ci-info: |   1   |   10.0.2.0  | 0.0.0.0  | 255.255.255.0 |   enp0s3  |   U   |
[   10.726440] cloud-init[961]: ci-info: +-------+-------------+----------+---------------+-----------+-------+
[   10.728921] cloud-init[961]: ci-info: +++++++++++++++++++Route IPv6 info+++++++++++++++++++
[   10.732542] cloud-init[961]: ci-info: +-------+-------------+---------+-----------+-------+
[   10.734600] cloud-init[961]: ci-info: | Route | Destination | Gateway | Interface | Flags |
[   10.736717] cloud-init[961]: ci-info: +-------+-------------+---------+-----------+-------+
[   10.738929] cloud-init[961]: ci-info: |   0   |  fe80::/64  |    ::   |   enp0s3  |   U   |
[   10.741143] cloud-init[961]: ci-info: |   3   |   ff00::/8  |    ::   |   enp0s3  |   U   |
[   10.744558] cloud-init[961]: ci-info: +-------+-------------+---------+-----------+-------+
[   10.746740] cloud-init[961]: Generating public/private rsa key pair.
[   10.748572] cloud-init[961]: Your identification has been saved in /etc/ssh/ssh_host_rsa_key.
[   10.750841] cloud-init[961]: Your public key has been saved in /etc/ssh/ssh_host_rsa_key.pub.
[   10.753097] cloud-init[961]: The key fingerprint is:
[   10.754781] cloud-init[961]: SHA256:oiYKpiLmUJBEP/4tAVjpavAeiLF1JpXz0siA+m0CE78 root@ubuntu-xenial
[   10.757156] cloud-init[961]: The key's randomart image is:
[   10.758944] cloud-init[961]: +---[RSA 2048]----+
[   10.760557] cloud-init[961]: |.+ ...           |
[   10.762130] cloud-init[961]: |+.=.+            |
[   10.763692] cloud-init[961]: |++.B =           |
[   10.765736] cloud-init[961]: |*.=.O o          |
[   10.767660] cloud-init[961]: |oXoB o. S        |
[   10.769646] cloud-init[961]: |++E +.o.         |
[   10.771585] cloud-init[961]: |+o.+oo .         |
[   10.773426] cloud-init[961]: |Bo.o  .          |
[   10.775272] cloud-init[961]: |B.               |
[   10.777234] cloud-init[961]: +----[SHA256]-----+
[   10.778990] cloud-init[961]: Generating public/private dsa key pair.
[   10.780968] cloud-init[961]: Your identification has been saved in /etc/ssh/ssh_host_dsa_key.
[   10.783289] cloud-init[961]: Your public key has been saved in /etc/ssh/ssh_host_dsa_key.pub.
[   10.785689] cloud-init[961]: The key fingerprint is:
[   10.787328] cloud-init[961]: SHA256:WloAquRNIgiqvb48b1uFyXCg2RIWT6WauHenk9uImRc root@ubuntu-xenial
[   10.789667] cloud-init[961]: The key's randomart image is:
[   10.791101] cloud-init[961]: +---[DSA 1024]----+
[   10.792748] cloud-init[961]: |. +.+..          |
[   10.794144] cloud-init[961]: |+. O +           |
[   10.795613] cloud-init[961]: |+o=.= o          |
[   10.797034] cloud-init[961]: |=+++ + +         |
[   10.798556] cloud-init[961]: |+.+.  + S        |
[   10.800282] cloud-init[961]: | . .E  *         |
[   10.802039] cloud-init[961]: |. o .o=          |
[   10.803686] cloud-init[961]: | +.==*           |
[   10.805315] cloud-init[961]: |  B**+.          |
[   10.806908] cloud-init[961]: +----[SHA256]-----+
[   10.808493] cloud-init[961]: Generating public/private ecdsa key pair.
[   10.810512] cloud-init[961]: Your identification has been saved in /etc/ssh/ssh_host_ecdsa_key.
[   10.812909] cloud-init[961]: Your public key has been saved in /etc/ssh/ssh_host_ecdsa_key.pub.
[   10.815208] cloud-init[961]: The key fingerprint is:
[   10.816919] cloud-init[961]: SHA256:lc7MmTrTWVse7I93V2fu4ffNUsTMdjAULQtoPm7x4Jw root@ubuntu-xenial
[   10.819325] cloud-init[961]: The key's randomart image is:
[   10.821177] cloud-init[961]: +---[ECDSA 256]---+
[   10.822793] cloud-init[961]: |           . .oo |
[   10.824362] cloud-init[961]: |          o.. + .|
[   10.825893] cloud-init[961]: |         oo  . O |
[   10.827403] cloud-init[961]: |         *=o .. B|
[   10.828975] cloud-init[961]: |        S+B*. +o.|
[   10.830480] cloud-init[961]: |         oEo.= .=|
[   10.832185] cloud-init[961]: |        +.o . o=o|
[   10.833792] cloud-init[961]: |         o    o+O|
[   10.835227] cloud-init[961]: |              .=@|
[   10.836817] cloud-init[961]: +----[SHA256]-----+
[   10.838248] cloud-init[961]: Generating public/private ed25519 key pair.
[   10.840275] cloud-init[961]: Your identification has been saved in /etc/ssh/ssh_host_ed25519_key.
[   10.842412] cloud-init[961]: Your public key has been saved in /etc/ssh/ssh_host_ed25519_key.pub.
[   10.844716] cloud-init[961]: The key fingerprint is:
[   10.846601] cloud-init[961]: SHA256:GzjZFz7LzeRP0Zl+tfWKFugJTGeDObnFkjk8s9TjJsw root@ubuntu-xenial
[   10.848879] cloud-init[961]: The key's randomart image is:
[   10.849198] cloud-init[961]: +--[ED25519 256]--+
[   10.849804] cloud-init[961]: |                 |
[   10.850207] cloud-init[961]: |                 |
[   10.850818] cloud-init[961]: |       . O.      |
[   10.851406] cloud-init[961]: |       +/.O.   .o|
[   10.852001] cloud-init[961]: |      +*S&++. .o+|
[   10.852901] cloud-init[961]: |       .E=+B. ..=|
[   10.853473] cloud-init[961]: |        .=o.+..oo|
[   10.854034] cloud-init[961]: |          o .+ ..|
[   10.854604] cloud-init[961]: |           .. o  |
[   10.855188] cloud-init[961]: +----[SHA256]-----+
[[0;32m  OK  [0m] Started Initial cloud-init job (metadata service crawler).
[[0;32m  OK  [0m] Reached target Network is Online.
         Starting iSCSI initiator daemon (iscsid)...
[[0;32m  OK  [0m] Reached target Cloud-config availability.
[[0;32m  OK  [0m] Reached target System Initialization.
[[0;32m  OK  [0m] Listening on ACPID Listen Socket.
[[0;32m  OK  [0m] Listening on D-Bus System Message Bus Socket.
         Starting LXD - unix socket.
[[0;32m  OK  [0m] Started Daily apt download activities.
[[0;32m  OK  [0m] Started Daily apt upgrade and clean activities.
         Starting Socket activation for snappy daemon.
[[0;32m  OK  [0m] Started Daily Cleanup of Temporary Directories.
[[0;32m  OK  [0m] Started Message of the Day.
[[0;32m  OK  [0m] Started Ubuntu Advantage update messaging.
[[0;32m  OK  [0m] Reached target Timers.
[[0;32m  OK  [0m] Listening on UUID daemon activation socket.
[[0;32m  OK  [0m] Started ACPI Events Check.
[[0;32m  OK  [0m] Reached target Paths.
[[0;32m  OK  [0m] Listening on LXD - unix socket.
[[0;32m  OK  [0m] Listening on Socket activation for snappy daemon.
[[0;32m  OK  [0m] Reached target Sockets.
[[0;32m  OK  [0m] Reached target Basic System.
         Starting LSB: MD monitoring daemon...
         Starting /etc/rc.local Compatibility...
[[0;32m  OK  [0m] Started Regular background program processing daemon.
         Starting Accounts Service...
[[0;32m  OK  [0m] Started ACPI event daemon.
         Starting Login Service...
[[0;32m  OK  [0m] Started FUSE filesystem for LXC.
         Starting System Logging Service...
         Starting Pollinate to seed the pseudo random number generator...
[[0;32m  OK  [0m] Started Deferred execution scheduler.
         Starting Virtualbox guest utils...
[[0;32m  OK  [0m] Started D-Bus System Message Bus.
         Starting LSB: Record successful boot for GRUB...
         Starting Snap Daemon...
         Starting LXD - container startup/shutdown...
[[0;32m  OK  [0m] Started System Logging Service.
[[0;32m  OK  [0m] Started iSCSI initiator daemon (iscsid).
[[0;32m  OK  [0m] Started /etc/rc.local Compatibility.
[[0;32m  OK  [0m] Started Login Service.
[[0;32m  OK  [0m] Started Unattended Upgrades Shutdown.
         Starting Authenticate and Authorize Users to Run Privileged Tasks...
         Starting Login to default iSCSI targets...
[[0;32m  OK  [0m] Started LSB: MD monitoring daemon.
[[0;32m  OK  [0m] Started Login to default iSCSI targets.
[[0;32m  OK  [0m] Reached target Remote File Systems (Pre).
[[0;32m  OK  [0m] Reached target Remote File Systems.
         Starting Permit User Sessions...
         Starting LSB: Set the CPU Frequency Scaling governor to "ondemand"...
         Starting LSB: automatic crash report generation...
         Starting LSB: daemon to balance interrupts for SMP systems...
[[0;32m  OK  [0m] Started Permit User Sessions.
[[0;32m  OK  [0m] Started LSB: Record successful boot for GRUB.
         Starting Terminate Plymouth Boot Screen...
         Starting Hold until boot process finishes up...
[[0;32m  OK  [0m] Started Hold until boot process finishes up.
[[0;32m  OK  [0m] Started Authenticate and Authorize Users to Run Privileged Tasks.
         Starting Set console scheme...
[[0;32m  OK  [0m] Started Getty on tty1.
[[0;32m  OK  [0m] Started Serial Getty on ttyS0.
[[0;32m  OK  [0m] Reached target Login Prompts.
[[0;32m  OK  [0m] Started Terminate Plymouth Boot Screen.
[[0;32m  OK  [0m] Started Set console scheme.
[[0;32m  OK  [0m] Started Accounts Service.
[[0;32m  OK  [0m] Started LSB: Set the CPU Frequency Scaling governor to "ondemand".
[[0;32m  OK  [0m] Started LSB: daemon to balance interrupts for SMP systems.
[[0;32m  OK  [0m] Started LXD - container startup/shutdown.
[[0;32m  OK  [0m] Started LSB: automatic crash report generation.
[[0;32m  OK  [0m] Started Virtualbox guest utils.
[[0;32m  OK  [0m] Started Snap Daemon.
         Starting Wait until snapd is fully seeded...
[[0;32m  OK  [0m] Started Pollinate to seed the pseudo random number generator.
         Starting OpenBSD Secure Shell server...
[[0;32m  OK  [0m] Started OpenBSD Secure Shell server.
[[0;32m  OK  [0m] Created slice User Slice of vagrant.
         Starting User Manager for UID 1000...
[[0;32m  OK  [0m] Started Session 1 of user vagrant.
[[0;32m  OK  [0m] Started User Manager for UID 1000.

Ubuntu 16.04.7 LTS ubuntu-xenial ttyS0

ubuntu-xenial login: [   17.958481] cloud-init[1527]: Generating locales (this might take a while)...
[   20.003713] cloud-init[1527]:   en_US.UTF-8... done
[   20.004934] cloud-init[1527]: Generation complete.
[   20.792407] cloud-init[1527]: Cloud-init v. 21.1-19-gbad84ad4-0ubuntu1~16.04.2 running 'modules:config' at Tue, 15 Nov 2022 07:28:02 +0000. Up 17.67 seconds.
ci-info: no authorized SSH keys fingerprints found for user ubuntu.
<14>Nov 15 07:28:06 ec2: 
<14>Nov 15 07:28:06 ec2: #############################################################
<14>Nov 15 07:28:06 ec2: -----BEGIN SSH HOST KEY FINGERPRINTS-----
<14>Nov 15 07:28:06 ec2: 1024 SHA256:WloAquRNIgiqvb48b1uFyXCg2RIWT6WauHenk9uImRc root@ubuntu-xenial (DSA)
<14>Nov 15 07:28:06 ec2: 256 SHA256:lc7MmTrTWVse7I93V2fu4ffNUsTMdjAULQtoPm7x4Jw root@ubuntu-xenial (ECDSA)
<14>Nov 15 07:28:06 ec2: 256 SHA256:GzjZFz7LzeRP0Zl+tfWKFugJTGeDObnFkjk8s9TjJsw root@ubuntu-xenial (ED25519)
<14>Nov 15 07:28:06 ec2: 2048 SHA256:oiYKpiLmUJBEP/4tAVjpavAeiLF1JpXz0siA+m0CE78 root@ubuntu-xenial (RSA)
<14>Nov 15 07:28:06 ec2: -----END SSH HOST KEY FINGERPRINTS-----
<14>Nov 15 07:28:06 ec2: #############################################################
-----BEGIN SSH HOST KEY KEYS-----
ecdsa-sha2-nistp256 AAAAE2VjZHNhLXNoYTItbmlzdHAyNTYAAAAIbmlzdHAyNTYAAABBBIPj5KzrwVfKOQ5UiRAwEIlXpLh5sSna4oaiShXZUMxuqnx3/UgfbwH03cUy+ynRH4wHSNWjdJ3aMITIkzURXzo= root@ubuntu-xenial
ssh-ed25519 AAAAC3NzaC1lZDI1NTE5AAAAIB+OpFdq0YukrjthP2JLedInBlIqc1rgSHTvo8sN4xYm root@ubuntu-xenial
ssh-rsa AAAAB3NzaC1yc2EAAAADAQABAAABAQDfQ1vJKiqBpFQIkLnVljTBylMU5QTlmJEJUzbScVU3IMu3d1jSdjCXYfIm77KCADIgTUwAw6IVC4eW7orhLUw1s7Mb7IBxylfUxOCowoU3wpeYdUHzC4vqmp8SKpm2I7cMq0cBSqPEkSdN6f37QFVuGD6CL7jeEkJfbKWhj5pcrqHbRuPYK19dWlvsnYAaVcc49RVVN+pVuXFPtmwBdD7v0UA+akpdrtSqjlr5rtawlL3lLRypF7TOYSndEamIONEE+RWpupx1Py9iVQCyW0JjGirvi0NEVycNiiWCI48AdVSQwE1601UHFhJDKCFxBPo9ERTtGv00JlrjH0T3uYVR root@ubuntu-xenial
-----END SSH HOST KEY KEYS-----
[   22.089140] cloud-init[1673]: Cloud-init v. 21.1-19-gbad84ad4-0ubuntu1~16.04.2 running 'modules:final' at Tue, 15 Nov 2022 07:28:06 +0000. Up 21.69 seconds.
[   22.089652] cloud-init[1673]: ci-info: no authorized SSH keys fingerprints found for user ubuntu.
[   22.090111] cloud-init[1673]: Cloud-init v. 21.1-19-gbad84ad4-0ubuntu1~16.04.2 finished at Tue, 15 Nov 2022 07:28:06 +0000. Datasource DataSourceNoCloud [seed=/dev/sdb][dsmode=net].  Up 22.07 seconds
[[0;32m  OK  [0m] Stopped Unattended Upgrades Shutdown.
         Stopping Authenticate and Authorize Users to Run Privileged Tasks...
         Stopping ACPI event daemon...
         Stopping Session 6 of user vagrant.
[[0;32m  OK  [0m] Closed Load/Save RF Kill Switch Status /dev/rfkill Watch.
         Stopping Session 7 of user vagrant.
         Stopping Login to default iSCSI targets...
[[0;32m  OK  [0m] Stopped target Cloud-init target.
[[0;32m  OK  [0m] Stopped Execute cloud user/final scripts.
[[0;32m  OK  [0m] Stopped target Graphical Interface.
[[0;32m  OK  [0m] Stopped target Multi-User System.
         Stopping LSB: MD monitoring daemon...
         Stopping System Logging Service...
         Stopping D-Bus System Message Bus...
         Stopping Deferred execution scheduler...
         Stopping LSB: daemon to balance interrupts for SMP systems...
         Stopping LXD - container startup/shutdown...
         Stopping LSB: automatic crash report generation...
         Stopping LSB: Set the CPU Frequency Scaling governor to "ondemand"...
         Stopping Regular background program processing daemon...
         Stopping OpenBSD Secure Shell server...
         Stopping User Manager for UID 1000...
         Stopping Session 9 of user vagrant.
[[0;32m  OK  [0m] Stopped Apply the settings specified in cloud-config.
[[0;32m  OK  [0m] Stopped target Cloud-config availability.
         Stopping LSB: Record successful boot for GRUB...
         Stopping Accounts Service...
[[0;32m  OK  [0m] Stopped target Login Prompts.
         Stopping Getty on tty1...
         Stopping Serial Getty on ttyS0...
[[0;32m  OK  [0m] Stopped Wait until snapd is fully seeded.
[[0;32m  OK  [0m] Stopped target Timers.
[[0;32m  OK  [0m] Stopped Ubuntu Advantage update messaging.
[[0;32m  OK  [0m] Stopped Daily apt upgrade and clean activities.
[[0;32m  OK  [0m] Stopped Daily apt download activities.
[[0;32m  OK  [0m] Stopped Message of the Day.
[[0;32m  OK  [0m] Stopped target System Time Synchronized.
[[0;32m  OK  [0m] Stopped Daily Cleanup of Temporary Directories.
         Stopping FUSE filesystem for LXC...
         Stopping Virtualbox guest utils...
[[0;32m  OK  [0m] Unmounted /var/lib/lxcfs.
[[0;32m  OK  [0m] Stopped Regular background program processing daemon.
[[0;32m  OK  [0m] Stopped Accounts Service.
[[0;32m  OK  [0m] Stopped ACPI event daemon.
[[0;32m  OK  [0m] Stopped System Logging Service.
[[0;32m  OK  [0m] Stopped Deferred execution scheduler.
[[0;32m  OK  [0m] Stopped Authenticate and Authorize Users to Run Privileged Tasks.
[[0;32m  OK  [0m] Stopped Getty on tty1.
[[0;32m  OK  [0m] Stopped Serial Getty on ttyS0.
[[0;32m  OK  [0m] Stopped OpenBSD Secure Shell server.
[[0;32m  OK  [0m] Stopped User Manager for UID 1000.
[[0;32m  OK  [0m] Stopped D-Bus System Message Bus.
[[0;32m  OK  [0m] Stopped Session 9 of user vagrant.
[[0;32m  OK  [0m] Stopped FUSE filesystem for LXC.
[[0;32m  OK  [0m] Stopped Session 6 of user vagrant.
[[0;32m  OK  [0m] Stopped LXD - container startup/shutdown.
[[0;32m  OK  [0m] Removed slice system-serial\x2dgetty.slice.
[[0;32m  OK  [0m] Removed slice system-getty.slice.
[[0;32m  OK  [0m] Stopped /etc/rc.local Compatibility.
[[0;32m  OK  [0m] Stopped LSB: Set the CPU Frequency Scaling governor to "ondemand".
[[0;32m  OK  [0m] Stopped LSB: MD monitoring daemon.
[[0;32m  OK  [0m] Stopped LSB: automatic crash report generation.
[[0;32m  OK  [0m] Stopped Login to default iSCSI targets.
[[0;32m  OK  [0m] Stopped LSB: Record successful boot for GRUB.
[[0;32m  OK  [0m] Stopped LSB: daemon to balance interrupts for SMP systems.
         Stopping iSCSI initiator daemon (iscsid)...
[[0;32m  OK  [0m] Stopped iSCSI initiator daemon (iscsid).
[[0;32m  OK  [0m] Stopped Virtualbox guest utils.
[[0;32m  OK  [0m] Stopped Session 7 of user vagrant.
[[0;32m  OK  [0m] Removed slice User Slice of vagrant.
         Stopping Permit User Sessions...
         Stopping Login Service...
[[0;32m  OK  [0m] Stopped Permit User Sessions.
[[0;32m  OK  [0m] Stopped target Remote File Systems.
         Unmounting /vagrant/cache...
[[0;32m  OK  [0m] Unmounted /vagrant/cache.
[[0;32m  OK  [0m] Stopped Login Service.
[[0;32m  OK  [0m] Stopped target User and Group Name Lookups.
[[0;32m  OK  [0m] Stopped target Basic System.
[[0;32m  OK  [0m] Stopped target Slices.
[[0;32m  OK  [0m] Removed slice User and Session Slice.
[[0;32m  OK  [0m] Stopped target Sockets.
[[0;32m  OK  [0m] Closed LXD - unix socket.
[[0;32m  OK  [0m] Closed Socket activation for snappy daemon.
[[0;32m  OK  [0m] Closed Syslog Socket.
[[0;32m  OK  [0m] Closed ACPID Listen Socket.
[[0;32m  OK  [0m] Closed UUID daemon activation socket.
[[0;32m  OK  [0m] Stopped target Paths.
[[0;32m  OK  [0m] Stopped Dispatch Password Requests to Console Directory Watch.
[[0;32m  OK  [0m] Stopped Forward Password Requests to Wall Directory Watch.
[[0;32m  OK  [0m] Stopped ACPI Events Check.
[[0;32m  OK  [0m] Closed D-Bus System Message Bus Socket.
[[0;32m  OK  [0m] Stopped target System Initialization.
         Stopping Load/Save Random Seed...
[[0;32m  OK  [0m] Stopped target Encrypted Volumes.
[[0;32m  OK  [0m] Stopped Initial cloud-init job (metadata service crawler).
         Stopping Raise network interfaces...
[[0;32m  OK  [0m] Stopped target Swap.
[[0;32m  OK  [0m] Stopped Commit a transient machine-id on disk.
         Stopping Update UTMP about System Boot/Shutdown...
[[0;32m  OK  [0m] Stopped Load/Save Random Seed.
[[0;32m  OK  [0m] Stopped Update UTMP about System Boot/Shutdown.
[[0;32m  OK  [0m] Stopped Create Volatile Files and Directories.
[[0;32m  OK  [0m] Stopped Raise network interfaces.
[[0;32m  OK  [0m] Stopped target Network (Pre).
[[0;32m  OK  [0m] Stopped Initial cloud-init job (pre-networking).
[[0;32m  OK  [0m] Stopped target Local File Systems.
         Unmounting /vagrant...
         Unmounting /run/user/1000...
[[0;32m  OK  [0m] Stopped Apply Kernel Variables.
[[0;32m  OK  [0m] Stopped Load Kernel Modules.
[[0;32m  OK  [0m] Unmounted /vagrant.
[[0;32m  OK  [0m] Unmounted /run/user/1000.
[[0;32m  OK  [0m] Reached target Unmount All Filesystems.
[[0;32m  OK  [0m] Stopped target Local File Systems (Pre).
[[0;32m  OK  [0m] Stopped Create Static Device Nodes in /dev.
         Stopping Monitoring of LVM2 mirrors... dmeventd or progress polling...
[[0;32m  OK  [0m] Stopped Remount Root and Kernel File Systems.
[[0;32m  OK  [0m] Reached target Shutdown.
[ 2494.421735] reboot: Power down
